<?xml version="1.0" encoding="UTF-8"?>
<!-- Generated by org.testng.reporters.JUnitReportReporter -->
<testsuite skipped="0" hostname="LAPTOP-DKQLN0NJ" name="dataBinding.DataBindingExampleTest" tests="3" failures="0" timestamp="30 Apr 2017 05:17:31 GMT" time="21.998" errors="0">
  <testcase name="testDataBindingXml" time="7.217" classname="dataBinding.DataBindingExampleTest"/>
  <testcase name="testDataBindingXml" time="7.478" classname="dataBinding.DataBindingExampleTest"/>
  <testcase name="testDataBinding" time="7.303" classname="dataBinding.DataBindingExampleTest"/>
</testsuite> <!-- dataBinding.DataBindingExampleTest -->
